[LOG] System::create                           : Header version = 2.02.04. Current version = 2.02.04.
[LOG] Manager::init                            : maxchannels = 256 studioflags = 00000006 flags 00000000 extradriverdata 0000000000000000.
[LOG] SystemI::init                            : Initialize version=20204 (121702), maxchannels=256, flags=0x00020000
[LOG] SystemI::setOutputInternal               : Setting output to 'FMOD WASAPI Output'
[LOG] OutputWASAPI::init                       : Mix Format (WAVEFORMATEX): wFormatTag=0xFFFE, nChannels=2, nSamplesPerSec=48000, nAvgBytesPerSec=384000, nBlockAlign=8, wBitsPerSample=32, cbSize=22.
[LOG] OutputWASAPI::init                       : Mix Format (WAVEFORMATEXTENSIBLE): wValidBitsPerSample=32, dwChannelMask=0x00000003, SubFormat=00000003-0000-0010-8000-00AA00389B71.
[LOG] OutputWASAPI::init                       : Output buffer size: 4096 samples, latency: 0.00ms, period: 10.00ms, DSP buffer: 1024 * 4
[LOG] Thread::initThread                       : Init FMOD stream thread. Affinity: 0x4000000000000003, Priority: 0xFFFF7FFB, Stack Size: 98304, Semaphore: No, Sleep Time: 10, Looping: Yes.
[LOG] Thread::initThread                       : Init FMOD mixer thread. Affinity: 0x4000000000000001, Priority: 0xFFFF7FFA, Stack Size: 81920, Semaphore: No, Sleep Time: 0, Looping: Yes.
[LOG] AsyncManager::init                       : manager 00000226756991D8 isAsync 0 updatePeriod 0.02
[LOG] AsyncManager::init                       : done
[LOG] PlaybackSystem::init                     : 
[LOG] Thread::initThread                       : Init FMOD Studio sample load thread. Affinity: 0x4000000000000003, Priority: 0xFFFF7FFD, Stack Size: 98304, Semaphore: No, Sleep Time: 1, Looping: No.
[LOG] PlaybackSystem::init                     : done
[LOG] Thread::initThread                       : Init FMOD Studio bank load thread. Affinity: 0x4000000000000003, Priority: 0xFFFF7FFD, Stack Size: 98304, Semaphore: No, Sleep Time: 1, Looping: No.
[LOG] Manager::init                            : done.
[LOG] Thread::callback                         : FMOD Studio bank load thread finished.
[LOG] Thread::callback                         : FMOD Studio sample load thread finished.
[LOG] LiveUpdate::release                      : 
[LOG] LiveUpdate::reset                        : Reset connection (reason Disconnected)
[LOG] Thread::callback                         : FMOD stream thread finished.
[LOG] Thread::callback                         : FMOD mixer thread finished.
[LOG] SystemI::close                           : Closed.
[LOG] SystemI::createSoundInternal             : Create name='', mode=0x02000202
[LOG] SystemI::createSoundInternal             : exinfo->cbsize             = 224
[LOG] SystemI::createSoundInternal             : exinfo->length             = 16125824
[LOG] SystemI::createSoundInternal             : exinfo->fileoffset         = 102240
[LOG] SystemI::createSoundInternal             : exinfo->numsubsounds       = 1
[LOG] SystemI::createSoundInternal             : exinfo->inclusionlist      = 000000BBA94FF198
[LOG] SystemI::createSoundInternal             : exinfo->inclusionlistnum   = 1
[LOG] SystemI::createSoundInternal             : exinfo->suggestedsoundtype = 5
[LOG] SystemI::createSoundInternal             : exinfo->useropen           = 00007FFA4D020AD0
[LOG] SystemI::createSoundInternal             : exinfo->userclose          = 00007FFA4D020AA0
[LOG] SystemI::createSoundInternal             : exinfo->userread           = 00007FFA4D020BA0
[LOG] SystemI::createSoundInternal             : exinfo->userseek           = 00007FFA4D020C60
[LOG] SystemI::createSoundInternal             : exinfo->fileuserdata       = 00000226157D5558
[LOG] SystemI::createSoundInternal             : exinfo->initialseekpostype = 1
[LOG] SystemI::DSPCodecPoolRegister            : register codec pool for pool type 5
[LOG] SystemI::createSoundInternal             : Sample 0/1: name='05', format=5, channels=2, frequency=48000, lengthbytes=17152, lengthpcm=180558, pcmblocksize=0, loopstart=0, loopend=0, mode=0x00000000, channelmask=0x00000000, channelorder=0, peakvolume=0.481262.
[LOG] SystemI::createSoundInternal             : Create name='', mode=0x02000202
[LOG] SystemI::createSoundInternal             : exinfo->cbsize             = 224
[LOG] SystemI::createSoundInternal             : exinfo->length             = 16125824
[LOG] SystemI::createSoundInternal             : exinfo->fileoffset         = 102240
[LOG] SystemI::createSoundInternal             : exinfo->numsubsounds       = 1
[LOG] SystemI::createSoundInternal             : exinfo->inclusionlist      = 000000BBA94FF198
[LOG] SystemI::createSoundInternal             : exinfo->inclusionlistnum   = 1
[LOG] SystemI::createSoundInternal             : exinfo->suggestedsoundtype = 5
[LOG] SystemI::createSoundInternal             : exinfo->useropen           = 00007FFA4D020AD0
[LOG] SystemI::createSoundInternal             : exinfo->userclose          = 00007FFA4D020AA0
[LOG] SystemI::createSoundInternal             : exinfo->userread           = 00007FFA4D020BA0
[LOG] SystemI::createSoundInternal             : exinfo->userseek           = 00007FFA4D020C60
[LOG] SystemI::createSoundInternal             : exinfo->fileuserdata       = 00000226157D5558
[LOG] SystemI::createSoundInternal             : exinfo->initialseekpostype = 1
[LOG] SystemI::DSPCodecPoolRegister            : register codec pool for pool type 5
[LOG] SystemI::createSoundInternal             : Sample 0/1: name='02', format=5, channels=2, frequency=48000, lengthbytes=17536, lengthpcm=180558, pcmblocksize=0, loopstart=0, loopend=0, mode=0x00000000, channelmask=0x00000000, channelorder=0, peakvolume=0.504517.
[LOG] SystemI::createSoundInternal             : Create name='', mode=0x02000202
[LOG] SystemI::createSoundInternal             : exinfo->cbsize             = 224
[LOG] SystemI::createSoundInternal             : exinfo->length             = 16125824
[LOG] SystemI::createSoundInternal             : exinfo->fileoffset         = 102240
[LOG] SystemI::createSoundInternal             : exinfo->numsubsounds       = 1
[LOG] SystemI::createSoundInternal             : exinfo->inclusionlist      = 000000BBA94FF198
[LOG] SystemI::createSoundInternal             : exinfo->inclusionlistnum   = 1
[LOG] SystemI::createSoundInternal             : exinfo->suggestedsoundtype = 5
[LOG] SystemI::createSoundInternal             : exinfo->useropen           = 00007FFA4D020AD0
[LOG] SystemI::createSoundInternal             : exinfo->userclose          = 00007FFA4D020AA0
[LOG] SystemI::createSoundInternal             : exinfo->userread           = 00007FFA4D020BA0
[LOG] SystemI::createSoundInternal             : exinfo->userseek           = 00007FFA4D020C60
[LOG] SystemI::createSoundInternal             : exinfo->fileuserdata       = 00000226157D5558
[LOG] SystemI::createSoundInternal             : exinfo->initialseekpostype = 1
[LOG] SystemI::DSPCodecPoolRegister            : register codec pool for pool type 5
[LOG] SystemI::createSoundInternal             : Sample 0/1: name='c07', format=5, channels=2, frequency=48000, lengthbytes=20128, lengthpcm=134164, pcmblocksize=0, loopstart=0, loopend=0, mode=0x00000000, channelmask=0x00000000, channelorder=0, peakvolume=0.052795.
[LOG] SystemI::createSoundInternal             : Create name='', mode=0x02000202
[LOG] SystemI::createSoundInternal             : exinfo->cbsize             = 224
[LOG] SystemI::createSoundInternal             : exinfo->length             = 16125824
[LOG] SystemI::createSoundInternal             : exinfo->fileoffset         = 102240
[LOG] SystemI::createSoundInternal             : exinfo->numsubsounds       = 1
[LOG] SystemI::createSoundInternal             : exinfo->inclusionlist      = 000000BBA94FF198
[LOG] SystemI::createSoundInternal             : exinfo->inclusionlistnum   = 1
[LOG] SystemI::createSoundInternal             : exinfo->suggestedsoundtype = 5
[LOG] SystemI::createSoundInternal             : exinfo->useropen           = 00007FFA4D020AD0
[LOG] SystemI::createSoundInternal             : exinfo->userclose          = 00007FFA4D020AA0
[LOG] SystemI::createSoundInternal             : exinfo->userread           = 00007FFA4D020BA0
[LOG] SystemI::createSoundInternal             : exinfo->userseek           = 00007FFA4D020C60
[LOG] SystemI::createSoundInternal             : exinfo->fileuserdata       = 00000226157D5558
[LOG] SystemI::createSoundInternal             : exinfo->initialseekpostype = 1
[LOG] SystemI::DSPCodecPoolRegister            : register codec pool for pool type 5
[LOG] SystemI::createSoundInternal             : Sample 0/1: name='c06', format=5, channels=2, frequency=48000, lengthbytes=15264, lengthpcm=134164, pcmblocksize=0, loopstart=0, loopend=0, mode=0x00000000, channelmask=0x00000000, channelorder=0, peakvolume=0.076263.
[LOG] SystemI::createSoundInternal             : Create name='', mode=0x02000202
[LOG] SystemI::createSoundInternal             : exinfo->cbsize             = 224
[LOG] SystemI::createSoundInternal             : exinfo->length             = 16125824
[LOG] SystemI::createSoundInternal             : exinfo->fileoffset         = 102240
[LOG] SystemI::createSoundInternal             : exinfo->numsubsounds       = 1
[LOG] SystemI::createSoundInternal             : exinfo->inclusionlist      = 000000BBA94FF198
[LOG] SystemI::createSoundInternal             : exinfo->inclusionlistnum   = 1
[LOG] SystemI::createSoundInternal             : exinfo->suggestedsoundtype = 5
[LOG] SystemI::createSoundInternal             : exinfo->useropen           = 00007FFA4D020AD0
[LOG] SystemI::createSoundInternal             : exinfo->userclose          = 00007FFA4D020AA0
[LOG] SystemI::createSoundInternal             : exinfo->userread           = 00007FFA4D020BA0
[LOG] SystemI::createSoundInternal             : exinfo->userseek           = 00007FFA4D020C60
[LOG] SystemI::createSoundInternal             : exinfo->fileuserdata       = 00000226157D5558
[LOG] SystemI::createSoundInternal             : exinfo->initialseekpostype = 1
[LOG] SystemI::DSPCodecPoolRegister            : register codec pool for pool type 5
[LOG] SystemI::createSoundInternal             : Sample 0/1: name='01', format=5, channels=2, frequency=48000, lengthbytes=11040, lengthpcm=180558, pcmblocksize=0, loopstart=0, loopend=0, mode=0x00000000, channelmask=0x00000000, channelorder=0, peakvolume=0.143127.
[LOG] SystemI::createSoundInternal             : Create name='', mode=0x02000202
[LOG] SystemI::createSoundInternal             : exinfo->cbsize             = 224
[LOG] SystemI::createSoundInternal             : exinfo->length             = 16125824
[LOG] SystemI::createSoundInternal             : exinfo->fileoffset         = 102240
[LOG] SystemI::createSoundInternal             : exinfo->numsubsounds       = 1
[LOG] SystemI::createSoundInternal             : exinfo->inclusionlist      = 000000BBA94FF198
[LOG] SystemI::createSoundInternal             : exinfo->inclusionlistnum   = 1
[LOG] SystemI::createSoundInternal             : exinfo->suggestedsoundtype = 5
[LOG] SystemI::createSoundInternal             : exinfo->useropen           = 00007FFA4D020AD0
[LOG] SystemI::createSoundInternal             : exinfo->userclose          = 00007FFA4D020AA0
[LOG] SystemI::createSoundInternal             : exinfo->userread           = 00007FFA4D020BA0
[LOG] SystemI::createSoundInternal             : exinfo->userseek           = 00007FFA4D020C60
[LOG] SystemI::createSoundInternal             : exinfo->fileuserdata       = 00000226157D5558
[LOG] SystemI::createSoundInternal             : exinfo->initialseekpostype = 1
[LOG] SystemI::DSPCodecPoolRegister            : register codec pool for pool type 5
[LOG] SystemI::createSoundInternal             : Sample 0/1: name='06', format=5, channels=2, frequency=48000, lengthbytes=14432, lengthpcm=180558, pcmblocksize=0, loopstart=0, loopend=0, mode=0x00000000, channelmask=0x00000000, channelorder=0, peakvolume=0.414032.
[LOG] SystemI::createSoundInternal             : Create name='', mode=0x02000202
[LOG] SystemI::createSoundInternal             : exinfo->cbsize             = 224
[LOG] SystemI::createSoundInternal             : exinfo->length             = 16125824
[LOG] SystemI::createSoundInternal             : exinfo->fileoffset         = 102240
[LOG] SystemI::createSoundInternal             : exinfo->numsubsounds       = 1
[LOG] SystemI::createSoundInternal             : exinfo->inclusionlist      = 000000BBA94FF198
[LOG] SystemI::createSoundInternal             : exinfo->inclusionlistnum   = 1
[LOG] SystemI::createSoundInternal             : exinfo->suggestedsoundtype = 5
[LOG] SystemI::createSoundInternal             : exinfo->useropen           = 00007FFA4D020AD0
[LOG] SystemI::createSoundInternal             : exinfo->userclose          = 00007FFA4D020AA0
[LOG] SystemI::createSoundInternal             : exinfo->userread           = 00007FFA4D020BA0
[LOG] SystemI::createSoundInternal             : exinfo->userseek           = 00007FFA4D020C60
[LOG] SystemI::createSoundInternal             : exinfo->fileuserdata       = 00000226157D5558
[LOG] SystemI::createSoundInternal             : exinfo->initialseekpostype = 1
[LOG] SystemI::DSPCodecPoolRegister            : register codec pool for pool type 5
[LOG] SystemI::createSoundInternal             : Sample 0/1: name='c03', format=5, channels=2, frequency=48000, lengthbytes=16928, lengthpcm=134164, pcmblocksize=0, loopstart=0, loopend=0, mode=0x00000000, channelmask=0x00000000, channelorder=0, peakvolume=0.496124.
[LOG] SystemI::createSoundInternal             : Create name='', mode=0x02000202
[LOG] SystemI::createSoundInternal             : exinfo->cbsize             = 224
[LOG] SystemI::createSoundInternal             : exinfo->length             = 16125824
[LOG] SystemI::createSoundInternal             : exinfo->fileoffset         = 102240
[LOG] SystemI::createSoundInternal             : exinfo->numsubsounds       = 1
[LOG] SystemI::createSoundInternal             : exinfo->inclusionlist      = 000000BBA94FF198
[LOG] SystemI::createSoundInternal             : exinfo->inclusionlistnum   = 1
[LOG] SystemI::createSoundInternal             : exinfo->suggestedsoundtype = 5
[LOG] SystemI::createSoundInternal             : exinfo->useropen           = 00007FFA4D020AD0
[LOG] SystemI::createSoundInternal             : exinfo->userclose          = 00007FFA4D020AA0
[LOG] SystemI::createSoundInternal             : exinfo->userread           = 00007FFA4D020BA0
[LOG] SystemI::createSoundInternal             : exinfo->userseek           = 00007FFA4D020C60
[LOG] SystemI::createSoundInternal             : exinfo->fileuserdata       = 00000226157D5558
[LOG] SystemI::createSoundInternal             : exinfo->initialseekpostype = 1
[LOG] SystemI::DSPCodecPoolRegister            : register codec pool for pool type 5
[LOG] SystemI::createSoundInternal             : Sample 0/1: name='c01', format=5, channels=2, frequency=48000, lengthbytes=13728, lengthpcm=134164, pcmblocksize=0, loopstart=0, loopend=0, mode=0x00000000, channelmask=0x00000000, channelorder=0, peakvolume=0.126709.
[LOG] SystemI::createSoundInternal             : Create name='', mode=0x02000202
[LOG] SystemI::createSoundInternal             : exinfo->cbsize             = 224
[LOG] SystemI::createSoundInternal             : exinfo->length             = 16125824
[LOG] SystemI::createSoundInternal             : exinfo->fileoffset         = 102240
[LOG] SystemI::createSoundInternal             : exinfo->numsubsounds       = 1
[LOG] SystemI::createSoundInternal             : exinfo->inclusionlist      = 000000BBA94FF198
[LOG] SystemI::createSoundInternal             : exinfo->inclusionlistnum   = 1
[LOG] SystemI::createSoundInternal             : exinfo->suggestedsoundtype = 5
[LOG] SystemI::createSoundInternal             : exinfo->useropen           = 00007FFA4D020AD0
[LOG] SystemI::createSoundInternal             : exinfo->userclose          = 00007FFA4D020AA0
[LOG] SystemI::createSoundInternal             : exinfo->userread           = 00007FFA4D020BA0
[LOG] SystemI::createSoundInternal             : exinfo->userseek           = 00007FFA4D020C60
[LOG] SystemI::createSoundInternal             : exinfo->fileuserdata       = 00000226157D5558
[LOG] SystemI::createSoundInternal             : exinfo->initialseekpostype = 1
[LOG] SystemI::DSPCodecPoolRegister            : register codec pool for pool type 5
[LOG] SystemI::createSoundInternal             : Sample 0/1: name='03', format=5, channels=2, frequency=48000, lengthbytes=9312, lengthpcm=180558, pcmblocksize=0, loopstart=0, loopend=0, mode=0x00000000, channelmask=0x00000000, channelorder=0, peakvolume=0.154358.
[LOG] SystemI::createSoundInternal             : Create name='', mode=0x02000202
[LOG] SystemI::createSoundInternal             : exinfo->cbsize             = 224
[LOG] SystemI::createSoundInternal             : exinfo->length             = 16125824
[LOG] SystemI::createSoundInternal             : exinfo->fileoffset         = 102240
[LOG] SystemI::createSoundInternal             : exinfo->numsubsounds       = 1
[LOG] SystemI::createSoundInternal             : exinfo->inclusionlist      = 000000BBA94FF198
[LOG] SystemI::createSoundInternal             : exinfo->inclusionlistnum   = 1
[LOG] SystemI::createSoundInternal             : exinfo->suggestedsoundtype = 5
[LOG] SystemI::createSoundInternal             : exinfo->useropen           = 00007FFA4D020AD0
[LOG] SystemI::createSoundInternal             : exinfo->userclose          = 00007FFA4D020AA0
[LOG] SystemI::createSoundInternal             : exinfo->userread           = 00007FFA4D020BA0
[LOG] SystemI::createSoundInternal             : exinfo->userseek           = 00007FFA4D020C60
[LOG] SystemI::createSoundInternal             : exinfo->fileuserdata       = 00000226157D5558
[LOG] SystemI::createSoundInternal             : exinfo->initialseekpostype = 1
[LOG] SystemI::DSPCodecPoolRegister            : register codec pool for pool type 5
[LOG] SystemI::createSoundInternal             : Sample 0/1: name='c04', format=5, channels=2, frequency=48000, lengthbytes=7392, lengthpcm=134164, pcmblocksize=0, loopstart=0, loopend=0, mode=0x00000000, channelmask=0x00000000, channelorder=0, peakvolume=0.423737.
[LOG] SystemI::createSoundInternal             : Create name='', mode=0x02000202
[LOG] SystemI::createSoundInternal             : exinfo->cbsize             = 224
[LOG] SystemI::createSoundInternal             : exinfo->length             = 16125824
[LOG] SystemI::createSoundInternal             : exinfo->fileoffset         = 102240
[LOG] SystemI::createSoundInternal             : exinfo->numsubsounds       = 1
[LOG] SystemI::createSoundInternal             : exinfo->inclusionlist      = 000000BBA94FF198
[LOG] SystemI::createSoundInternal             : exinfo->inclusionlistnum   = 1
[LOG] SystemI::createSoundInternal             : exinfo->suggestedsoundtype = 5
[LOG] SystemI::createSoundInternal             : exinfo->useropen           = 00007FFA4D020AD0
[LOG] SystemI::createSoundInternal             : exinfo->userclose          = 00007FFA4D020AA0
[LOG] SystemI::createSoundInternal             : exinfo->userread           = 00007FFA4D020BA0
[LOG] SystemI::createSoundInternal             : exinfo->userseek           = 00007FFA4D020C60
[LOG] SystemI::createSoundInternal             : exinfo->fileuserdata       = 00000226157D5558
[LOG] SystemI::createSoundInternal             : exinfo->initialseekpostype = 1
[LOG] SystemI::DSPCodecPoolRegister            : register codec pool for pool type 5
[LOG] SystemI::createSoundInternal             : Sample 0/1: name='c02', format=5, channels=2, frequency=48000, lengthbytes=9088, lengthpcm=134164, pcmblocksize=0, loopstart=0, loopend=0, mode=0x00000000, channelmask=0x00000000, channelorder=0, peakvolume=0.096008.
[LOG] SystemI::createSoundInternal             : Create name='', mode=0x02000202
[LOG] SystemI::createSoundInternal             : exinfo->cbsize             = 224
[LOG] SystemI::createSoundInternal             : exinfo->length             = 16125824
[LOG] SystemI::createSoundInternal             : exinfo->fileoffset         = 102240
[LOG] SystemI::createSoundInternal             : exinfo->numsubsounds       = 1
[LOG] SystemI::createSoundInternal             : exinfo->inclusionlist      = 000000BBA94FF198
[LOG] SystemI::createSoundInternal             : exinfo->inclusionlistnum   = 1
[LOG] SystemI::createSoundInternal             : exinfo->suggestedsoundtype = 5
[LOG] SystemI::createSoundInternal             : exinfo->useropen           = 00007FFA4D020AD0
[LOG] SystemI::createSoundInternal             : exinfo->userclose          = 00007FFA4D020AA0
[LOG] SystemI::createSoundInternal             : exinfo->userread           = 00007FFA4D020BA0
[LOG] SystemI::createSoundInternal             : exinfo->userseek           = 00007FFA4D020C60
[LOG] SystemI::createSoundInternal             : exinfo->fileuserdata       = 00000226157D5558
[LOG] SystemI::createSoundInternal             : exinfo->initialseekpostype = 1
[LOG] SystemI::DSPCodecPoolRegister            : register codec pool for pool type 5
[LOG] SystemI::createSoundInternal             : Sample 0/1: name='04', format=5, channels=2, frequency=48000, lengthbytes=14336, lengthpcm=180558, pcmblocksize=0, loopstart=0, loopend=0, mode=0x00000000, channelmask=0x00000000, channelorder=0, peakvolume=0.078705.
[LOG] SystemI::createSoundInternal             : Create name='', mode=0x02000202
[LOG] SystemI::createSoundInternal             : exinfo->cbsize             = 224
[LOG] SystemI::createSoundInternal             : exinfo->length             = 16125824
[LOG] SystemI::createSoundInternal             : exinfo->fileoffset         = 102240
[LOG] SystemI::createSoundInternal             : exinfo->numsubsounds       = 1
[LOG] SystemI::createSoundInternal             : exinfo->inclusionlist      = 000000BBA94FF198
[LOG] SystemI::createSoundInternal             : exinfo->inclusionlistnum   = 1
[LOG] SystemI::createSoundInternal             : exinfo->suggestedsoundtype = 5
[LOG] SystemI::createSoundInternal             : exinfo->useropen           = 00007FFA4D020AD0
[LOG] SystemI::createSoundInternal             : exinfo->userclose          = 00007FFA4D020AA0
[LOG] SystemI::createSoundInternal             : exinfo->userread           = 00007FFA4D020BA0
[LOG] SystemI::createSoundInternal             : exinfo->userseek           = 00007FFA4D020C60
[LOG] SystemI::createSoundInternal             : exinfo->fileuserdata       = 00000226157D5558
[LOG] SystemI::createSoundInternal             : exinfo->initialseekpostype = 1
[LOG] SystemI::DSPCodecPoolRegister            : register codec pool for pool type 5
[LOG] SystemI::createSoundInternal             : Sample 0/1: name='c05', format=5, channels=2, frequency=48000, lengthbytes=3936, lengthpcm=134164, pcmblocksize=0, loopstart=0, loopend=0, mode=0x00000000, channelmask=0x00000000, channelorder=0, peakvolume=0.480316.
[LOG] SystemI::createSoundInternal             : Create name='', mode=0x02000202
[LOG] SystemI::createSoundInternal             : exinfo->cbsize             = 224
[LOG] SystemI::createSoundInternal             : exinfo->length             = 16125824
[LOG] SystemI::createSoundInternal             : exinfo->fileoffset         = 102240
[LOG] SystemI::createSoundInternal             : exinfo->numsubsounds       = 1
[LOG] SystemI::createSoundInternal             : exinfo->inclusionlist      = 000000BBA94FF198
[LOG] SystemI::createSoundInternal             : exinfo->inclusionlistnum   = 1
[LOG] SystemI::createSoundInternal             : exinfo->suggestedsoundtype = 5
[LOG] SystemI::createSoundInternal             : exinfo->useropen           = 00007FFA4D020AD0
[LOG] SystemI::createSoundInternal             : exinfo->userclose          = 00007FFA4D020AA0
[LOG] SystemI::createSoundInternal             : exinfo->userread           = 00007FFA4D020BA0
[LOG] SystemI::createSoundInternal             : exinfo->userseek           = 00007FFA4D020C60
[LOG] SystemI::createSoundInternal             : exinfo->fileuserdata       = 00000226157D5558
[LOG] SystemI::createSoundInternal             : exinfo->initialseekpostype = 1
[LOG] SystemI::DSPCodecPoolRegister            : register codec pool for pool type 5
[LOG] SystemI::createSoundInternal             : Sample 0/1: name='08', format=5, channels=2, frequency=48000, lengthbytes=18944, lengthpcm=181812, pcmblocksize=0, loopstart=0, loopend=0, mode=0x00000000, channelmask=0x00000000, channelorder=0, peakvolume=0.054016.
[LOG] SystemI::createSoundInternal             : Create name='', mode=0x02000202
[LOG] SystemI::createSoundInternal             : exinfo->cbsize             = 224
[LOG] SystemI::createSoundInternal             : exinfo->length             = 16125824
[LOG] SystemI::createSoundInternal             : exinfo->fileoffset         = 102240
[LOG] SystemI::createSoundInternal             : exinfo->numsubsounds       = 1
[LOG] SystemI::createSoundInternal             : exinfo->inclusionlist      = 000000BBA94FF198
[LOG] SystemI::createSoundInternal             : exinfo->inclusionlistnum   = 1
[LOG] SystemI::createSoundInternal             : exinfo->suggestedsoundtype = 5
[LOG] SystemI::createSoundInternal             : exinfo->useropen           = 00007FFA4D020AD0
[LOG] SystemI::createSoundInternal             : exinfo->userclose          = 00007FFA4D020AA0
[LOG] SystemI::createSoundInternal             : exinfo->userread           = 00007FFA4D020BA0
[LOG] SystemI::createSoundInternal             : exinfo->userseek           = 00007FFA4D020C60
[LOG] SystemI::createSoundInternal             : exinfo->fileuserdata       = 00000226157D5558
[LOG] SystemI::createSoundInternal             : exinfo->initialseekpostype = 1
[LOG] SystemI::DSPCodecPoolRegister            : register codec pool for pool type 5
[LOG] SystemI::createSoundInternal             : Sample 0/1: name='07', format=5, channels=2, frequency=48000, lengthbytes=7424, lengthpcm=180558, pcmblocksize=0, loopstart=0, loopend=0, mode=0x00000000, channelmask=0x00000000, channelorder=0, peakvolume=0.277069.
[LOG] SoundI::release                          :  (0000022615613968)
[LOG] SoundI::release                          :     c01 (00000226884D6EE8)
[LOG] SoundI::release                          :  (000002261560FFE8)
[LOG] SoundI::release                          :     01 (00000226884D7568)
[LOG] SoundI::release                          :  (00000226156120F8)
[LOG] SoundI::release                          :     c06 (000002258A36B248)
[LOG] SoundI::release                          :  (000002261560EBC8)
[LOG] SoundI::release                          :     c03 (00000226884D73C8)
[LOG] SoundI::release                          :  (00000226156133A8)
[LOG] SoundI::release                          :     05 (000002264815A3C8)
[LOG] SoundI::release                          :  (000002261561A3C8)
[LOG] SoundI::release                          :     c02 (00000226883C9A28)
[LOG] SoundI::release                          :  (000002261561BDA8)
[LOG] SoundI::release                          :     c04 (00000226883C9548)
[LOG] SoundI::release                          :  (000002261561AC68)
[LOG] SoundI::release                          :     08 (00000226884D8238)
[LOG] SoundI::release                          :  (000002261561C368)
[LOG] SoundI::release                          :     04 (00000226883C96E8)
[LOG] SoundI::release                          :  (000002261560F2F8)
[LOG] SoundI::release                          :     02 (000002264815A568)
[LOG] SoundI::release                          :  (000002261561B398)
[LOG] SoundI::release                          :     03 (00000226883C9068)
[LOG] SoundI::release                          :  (000002261560E608)
[LOG] SoundI::release                          :     c07 (000002264815AA48)
[LOG] SoundI::release                          :  (000002261561C4D8)
[LOG] SoundI::release                          :     c05 (00000226883C9BC8)
[LOG] SoundI::release                          :  (0000022615612B08)
[LOG] SoundI::release                          :     06 (00000226884D78A8)
[LOG] SoundI::release                          :  (000002261561CA98)
[LOG] SoundI::release                          :     07 (00000226884D8578)
[LOG] Thread::callback                         : FMOD Studio update thread finished.
[LOG] Thread::callback                         : FMOD Studio bank load thread finished.
[LOG] Profile::disconnectAll                   : Profiler disconnecting all clients
[LOG] Thread::callback                         : FMOD Studio sample load thread finished.
[LOG] LiveUpdate::release                      : 
[LOG] LiveUpdate::reset                        : Reset connection (reason Disconnected)
[LOG] Thread::callback                         : FMOD stream thread finished.
[LOG] Thread::callback                         : FMOD mixer thread finished.
[LOG] Profile::disconnectAll                   : Profiler disconnecting all clients
[LOG] SystemI::close                           : Closed.
